Warning: you requested the nanomsg event logger, but bmv2 was compiled without -DBMELOG, and the event logger cannot be activated
Calling target program-options parser
[11:35:41.428] [bmv2] [D] [thread 22014] Set default default entry for table 'tbl_forwarding146': forwarding146 - 
[11:35:41.428] [bmv2] [D] [thread 22014] Set default default entry for table 'MyIngress.ipv4_exact': NoAction - 
Adding interface s3-eth1 as port 1
[11:35:41.429] [bmv2] [D] [thread 22014] Adding interface s3-eth1 as port 1
Adding interface s3-eth2 as port 2
[11:35:41.462] [bmv2] [D] [thread 22014] Adding interface s3-eth2 as port 2
Adding interface s3-eth3 as port 3
[11:35:41.486] [bmv2] [D] [thread 22014] Adding interface s3-eth3 as port 3
[11:35:41.514] [bmv2] [I] [thread 22014] Starting Thrift server on port 9092
[11:35:41.515] [bmv2] [I] [thread 22014] Thrift server was started
[11:35:41.804] [bmv2] [D] [thread 22021] [0.0] [cxt 0] Processing packet received on port 1
[11:35:41.804] [bmv2] [D] [thread 22021] [0.0] [cxt 0] Parser 'parser': start
[11:35:41.804] [bmv2] [D] [thread 22021] [0.0] [cxt 0] Parser 'parser' entering state 'start'
[11:35:41.804] [bmv2] [D] [thread 22021] [0.0] [cxt 0] Extracting header 'ethernet'
[11:35:41.804] [bmv2] [D] [thread 22021] [0.0] [cxt 0] Parser state 'start': key is 86dd
[11:35:41.804] [bmv2] [T] [thread 22021] [0.0] [cxt 0] Bytes parsed: 14
[11:35:41.804] [bmv2] [D] [thread 22021] [0.0] [cxt 0] Parser 'parser': end
[11:35:41.804] [bmv2] [D] [thread 22021] [0.0] [cxt 0] Pipeline 'ingress': start
[11:35:41.804] [bmv2] [T] [thread 22021] [0.0] [cxt 0] Applying table 'tbl_forwarding146'
[11:35:41.804] [bmv2] [D] [thread 22021] [0.0] [cxt 0] Looking up key:

[11:35:41.804] [bmv2] [D] [thread 22021] [0.0] [cxt 0] Table 'tbl_forwarding146': miss
[11:35:41.804] [bmv2] [D] [thread 22021] [0.0] [cxt 0] Action entry is forwarding146 - 
[11:35:41.804] [bmv2] [T] [thread 22021] [0.0] [cxt 0] Action forwarding146
[11:35:41.804] [bmv2] [T] [thread 22021] [0.0] [cxt 0] forwarding.p4(146) Primitive (bit<32>)standard_metadata.ingress_port
[11:35:41.804] [bmv2] [T] [thread 22021] [0.0] [cxt 0] forwarding.p4(146) Primitive port_counter.count((bit<32>)standard_metadata.ingress_port)
[11:35:41.804] [bmv2] [T] [thread 22021] [0.0] [cxt 0] Updated counter 'MyIngress.port_counter' at index 1
[11:35:41.804] [bmv2] [T] [thread 22021] [0.0] [cxt 0] forwarding.p4(149) Condition "hdr.ipv4.isValid()" (node_3) is false
[11:35:41.804] [bmv2] [D] [thread 22021] [0.0] [cxt 0] Pipeline 'ingress': end
[11:35:41.804] [bmv2] [D] [thread 22021] [0.0] [cxt 0] Egress port is 0
[11:35:41.805] [bmv2] [D] [thread 22022] [0.0] [cxt 0] Pipeline 'egress': start
[11:35:41.805] [bmv2] [D] [thread 22022] [0.0] [cxt 0] Pipeline 'egress': end
[11:35:41.805] [bmv2] [D] [thread 22022] [0.0] [cxt 0] Deparser 'deparser': start
[11:35:41.805] [bmv2] [T] [thread 22022] [0.0] [cxt 0] Skipping checksum 'cksum' update because condition not met
[11:35:41.805] [bmv2] [D] [thread 22022] [0.0] [cxt 0] Deparsing header 'ethernet'
[11:35:41.805] [bmv2] [D] [thread 22022] [0.0] [cxt 0] Deparser 'deparser': end
[11:35:41.806] [bmv2] [D] [thread 22026] [0.0] [cxt 0] Transmitting packet of size 90 out of port 0
[11:35:44.367] [bmv2] [D] [thread 22021] [1.0] [cxt 0] Processing packet received on port 3
[11:35:44.367] [bmv2] [D] [thread 22021] [1.0] [cxt 0] Parser 'parser': start
[11:35:44.367] [bmv2] [D] [thread 22021] [1.0] [cxt 0] Parser 'parser' entering state 'start'
[11:35:44.367] [bmv2] [D] [thread 22021] [1.0] [cxt 0] Extracting header 'ethernet'
[11:35:44.367] [bmv2] [D] [thread 22021] [1.0] [cxt 0] Parser state 'start': key is 86dd
[11:35:44.367] [bmv2] [T] [thread 22021] [1.0] [cxt 0] Bytes parsed: 14
[11:35:44.367] [bmv2] [D] [thread 22021] [1.0] [cxt 0] Parser 'parser': end
[11:35:44.367] [bmv2] [D] [thread 22021] [1.0] [cxt 0] Pipeline 'ingress': start
[11:35:44.367] [bmv2] [T] [thread 22021] [1.0] [cxt 0] Applying table 'tbl_forwarding146'
[11:35:44.367] [bmv2] [D] [thread 22021] [1.0] [cxt 0] Looking up key:

[11:35:44.367] [bmv2] [D] [thread 22021] [1.0] [cxt 0] Table 'tbl_forwarding146': miss
[11:35:44.367] [bmv2] [D] [thread 22021] [1.0] [cxt 0] Action entry is forwarding146 - 
[11:35:44.367] [bmv2] [T] [thread 22021] [1.0] [cxt 0] Action forwarding146
[11:35:44.367] [bmv2] [T] [thread 22021] [1.0] [cxt 0] forwarding.p4(146) Primitive (bit<32>)standard_metadata.ingress_port
[11:35:44.367] [bmv2] [T] [thread 22021] [1.0] [cxt 0] forwarding.p4(146) Primitive port_counter.count((bit<32>)standard_metadata.ingress_port)
[11:35:44.367] [bmv2] [T] [thread 22021] [1.0] [cxt 0] Updated counter 'MyIngress.port_counter' at index 3
[11:35:44.367] [bmv2] [T] [thread 22021] [1.0] [cxt 0] forwarding.p4(149) Condition "hdr.ipv4.isValid()" (node_3) is false
[11:35:44.367] [bmv2] [D] [thread 22021] [1.0] [cxt 0] Pipeline 'ingress': end
[11:35:44.368] [bmv2] [D] [thread 22021] [1.0] [cxt 0] Egress port is 0
[11:35:44.368] [bmv2] [D] [thread 22022] [1.0] [cxt 0] Pipeline 'egress': start
[11:35:44.368] [bmv2] [D] [thread 22022] [1.0] [cxt 0] Pipeline 'egress': end
[11:35:44.368] [bmv2] [D] [thread 22022] [1.0] [cxt 0] Deparser 'deparser': start
[11:35:44.368] [bmv2] [T] [thread 22022] [1.0] [cxt 0] Skipping checksum 'cksum' update because condition not met
[11:35:44.368] [bmv2] [D] [thread 22022] [1.0] [cxt 0] Deparsing header 'ethernet'
[11:35:44.368] [bmv2] [D] [thread 22022] [1.0] [cxt 0] Deparser 'deparser': end
[11:35:44.369] [bmv2] [D] [thread 22026] [1.0] [cxt 0] Transmitting packet of size 70 out of port 0
[11:35:45.712] [bmv2] [T] [thread 22154] bm_get_config
[11:35:45.713] [bmv2] [T] [thread 22154] bm_set_default_action
[11:35:45.713] [bmv2] [D] [thread 22154] Set default entry for table 'MyIngress.ipv4_exact': MyIngress.drop - 
[11:35:45.714] [bmv2] [T] [thread 22154] bm_table_add_entry
[11:35:45.714] [bmv2] [D] [thread 22154] Entry 0 added to table 'MyIngress.ipv4_exact'
[11:35:45.714] [bmv2] [D] [thread 22154] Dumping entry 0
Match key:
* hdr.ipv4.srcAddr    : EXACT     0a000101
* hdr.ipv4.dstAddr    : EXACT     0a000303
Action entry: MyIngress.ipv4_forward - a000303,2,

[11:35:45.714] [bmv2] [T] [thread 22154] bm_table_add_entry
[11:35:45.714] [bmv2] [D] [thread 22154] Entry 1 added to table 'MyIngress.ipv4_exact'
[11:35:45.714] [bmv2] [D] [thread 22154] Dumping entry 1
Match key:
* hdr.ipv4.srcAddr    : EXACT     0a000202
* hdr.ipv4.dstAddr    : EXACT     0a000303
Action entry: MyIngress.ipv4_forward - a000303,2,

[11:35:45.715] [bmv2] [T] [thread 22154] bm_table_add_entry
[11:35:45.715] [bmv2] [D] [thread 22154] Entry 2 added to table 'MyIngress.ipv4_exact'
[11:35:45.715] [bmv2] [D] [thread 22154] Dumping entry 2
Match key:
* hdr.ipv4.srcAddr    : EXACT     0a000404
* hdr.ipv4.dstAddr    : EXACT     0a000303
Action entry: MyIngress.ipv4_forward - a000303,2,

[11:35:45.715] [bmv2] [T] [thread 22154] bm_table_add_entry
[11:35:45.715] [bmv2] [D] [thread 22154] Entry 3 added to table 'MyIngress.ipv4_exact'
[11:35:45.715] [bmv2] [D] [thread 22154] Dumping entry 3
Match key:
* hdr.ipv4.srcAddr    : EXACT     0a000505
* hdr.ipv4.dstAddr    : EXACT     0a000303
Action entry: MyIngress.ipv4_forward - a000303,2,

[11:35:45.715] [bmv2] [T] [thread 22154] bm_table_add_entry
[11:35:45.715] [bmv2] [D] [thread 22154] Entry 4 added to table 'MyIngress.ipv4_exact'
[11:35:45.716] [bmv2] [D] [thread 22154] Dumping entry 4
Match key:
* hdr.ipv4.srcAddr    : EXACT     0a000404
* hdr.ipv4.dstAddr    : EXACT     0a000101
Action entry: MyIngress.ipv4_forward - a000101,1,

[11:35:45.716] [bmv2] [T] [thread 22154] bm_table_add_entry
[11:35:45.716] [bmv2] [D] [thread 22154] Entry 5 added to table 'MyIngress.ipv4_exact'
[11:35:45.716] [bmv2] [D] [thread 22154] Dumping entry 5
Match key:
* hdr.ipv4.srcAddr    : EXACT     0a000404
* hdr.ipv4.dstAddr    : EXACT     0a000202
Action entry: MyIngress.ipv4_forward - a000101,1,

[11:35:45.716] [bmv2] [T] [thread 22154] bm_table_add_entry
[11:35:45.716] [bmv2] [D] [thread 22154] Entry 6 added to table 'MyIngress.ipv4_exact'
[11:35:45.716] [bmv2] [D] [thread 22154] Dumping entry 6
Match key:
* hdr.ipv4.srcAddr    : EXACT     0a000404
* hdr.ipv4.dstAddr    : EXACT     0a000505
Action entry: MyIngress.ipv4_forward - a000101,1,

[11:35:45.717] [bmv2] [T] [thread 22154] bm_table_add_entry
[11:35:45.717] [bmv2] [D] [thread 22154] Entry 7 added to table 'MyIngress.ipv4_exact'
[11:35:45.717] [bmv2] [D] [thread 22154] Dumping entry 7
Match key:
* hdr.ipv4.srcAddr    : EXACT     0a000303
* hdr.ipv4.dstAddr    : EXACT     0a000101
Action entry: MyIngress.ipv4_forward - a000101,1,

[11:35:45.717] [bmv2] [T] [thread 22154] bm_table_add_entry
[11:35:45.717] [bmv2] [D] [thread 22154] Entry 8 added to table 'MyIngress.ipv4_exact'
[11:35:45.717] [bmv2] [D] [thread 22154] Dumping entry 8
Match key:
* hdr.ipv4.srcAddr    : EXACT     0a000303
* hdr.ipv4.dstAddr    : EXACT     0a000202
Action entry: MyIngress.ipv4_forward - a000101,1,

[11:35:45.717] [bmv2] [T] [thread 22154] bm_table_add_entry
[11:35:45.717] [bmv2] [D] [thread 22154] Entry 9 added to table 'MyIngress.ipv4_exact'
[11:35:45.717] [bmv2] [D] [thread 22154] Dumping entry 9
Match key:
* hdr.ipv4.srcAddr    : EXACT     0a000303
* hdr.ipv4.dstAddr    : EXACT     0a000505
Action entry: MyIngress.ipv4_forward - a000101,1,

[11:35:45.718] [bmv2] [T] [thread 22154] bm_table_add_entry
[11:35:45.718] [bmv2] [D] [thread 22154] Entry 10 added to table 'MyIngress.ipv4_exact'
[11:35:45.718] [bmv2] [D] [thread 22154] Dumping entry 10
Match key:
* hdr.ipv4.srcAddr    : EXACT     0a000101
* hdr.ipv4.dstAddr    : EXACT     0a000404
Action entry: MyIngress.ipv4_forward - a000404,3,

[11:35:45.718] [bmv2] [T] [thread 22154] bm_table_add_entry
[11:35:45.718] [bmv2] [D] [thread 22154] Entry 11 added to table 'MyIngress.ipv4_exact'
[11:35:45.718] [bmv2] [D] [thread 22154] Dumping entry 11
Match key:
* hdr.ipv4.srcAddr    : EXACT     0a000202
* hdr.ipv4.dstAddr    : EXACT     0a000404
Action entry: MyIngress.ipv4_forward - a000404,3,

[11:35:45.718] [bmv2] [T] [thread 22154] bm_table_add_entry
[11:35:45.718] [bmv2] [D] [thread 22154] Entry 12 added to table 'MyIngress.ipv4_exact'
[11:35:45.719] [bmv2] [D] [thread 22154] Dumping entry 12
Match key:
* hdr.ipv4.srcAddr    : EXACT     0a000303
* hdr.ipv4.dstAddr    : EXACT     0a000404
Action entry: MyIngress.ipv4_forward - a000404,3,

[11:35:45.719] [bmv2] [T] [thread 22154] bm_table_add_entry
[11:35:45.719] [bmv2] [D] [thread 22154] Entry 13 added to table 'MyIngress.ipv4_exact'
[11:35:45.719] [bmv2] [D] [thread 22154] Dumping entry 13
Match key:
* hdr.ipv4.srcAddr    : EXACT     0a000505
* hdr.ipv4.dstAddr    : EXACT     0a000404
Action entry: MyIngress.ipv4_forward - a000404,3,

open: No such file or directory
open: No such file or directory
open: No such file or directory
open: No such file or directory
open: No such file or directory
