Warning: you requested the nanomsg event logger, but bmv2 was compiled without -DBMELOG, and the event logger cannot be activated
Calling target program-options parser
[11:35:42.438] [bmv2] [D] [thread 22063] Set default default entry for table 'tbl_forwarding146': forwarding146 - 
[11:35:42.438] [bmv2] [D] [thread 22063] Set default default entry for table 'MyIngress.ipv4_exact': NoAction - 
Adding interface s4-eth1 as port 1
[11:35:42.441] [bmv2] [D] [thread 22063] Adding interface s4-eth1 as port 1
Adding interface s4-eth2 as port 2
[11:35:42.482] [bmv2] [D] [thread 22063] Adding interface s4-eth2 as port 2
[11:35:42.516] [bmv2] [I] [thread 22063] Starting Thrift server on port 9093
[11:35:42.516] [bmv2] [I] [thread 22063] Thrift server was started
[11:35:44.368] [bmv2] [D] [thread 22070] [0.0] [cxt 0] Processing packet received on port 2
[11:35:44.368] [bmv2] [D] [thread 22070] [0.0] [cxt 0] Parser 'parser': start
[11:35:44.368] [bmv2] [D] [thread 22070] [0.0] [cxt 0] Parser 'parser' entering state 'start'
[11:35:44.368] [bmv2] [D] [thread 22070] [0.0] [cxt 0] Extracting header 'ethernet'
[11:35:44.368] [bmv2] [D] [thread 22070] [0.0] [cxt 0] Parser state 'start': key is 86dd
[11:35:44.368] [bmv2] [T] [thread 22070] [0.0] [cxt 0] Bytes parsed: 14
[11:35:44.368] [bmv2] [D] [thread 22070] [0.0] [cxt 0] Parser 'parser': end
[11:35:44.368] [bmv2] [D] [thread 22070] [0.0] [cxt 0] Pipeline 'ingress': start
[11:35:44.368] [bmv2] [T] [thread 22070] [0.0] [cxt 0] Applying table 'tbl_forwarding146'
[11:35:44.368] [bmv2] [D] [thread 22070] [0.0] [cxt 0] Looking up key:

[11:35:44.368] [bmv2] [D] [thread 22070] [0.0] [cxt 0] Table 'tbl_forwarding146': miss
[11:35:44.368] [bmv2] [D] [thread 22070] [0.0] [cxt 0] Action entry is forwarding146 - 
[11:35:44.368] [bmv2] [T] [thread 22070] [0.0] [cxt 0] Action forwarding146
[11:35:44.368] [bmv2] [T] [thread 22070] [0.0] [cxt 0] forwarding.p4(146) Primitive (bit<32>)standard_metadata.ingress_port
[11:35:44.369] [bmv2] [T] [thread 22070] [0.0] [cxt 0] forwarding.p4(146) Primitive port_counter.count((bit<32>)standard_metadata.ingress_port)
[11:35:44.369] [bmv2] [T] [thread 22070] [0.0] [cxt 0] Updated counter 'MyIngress.port_counter' at index 2
[11:35:44.369] [bmv2] [T] [thread 22070] [0.0] [cxt 0] forwarding.p4(149) Condition "hdr.ipv4.isValid()" (node_3) is false
[11:35:44.369] [bmv2] [D] [thread 22070] [0.0] [cxt 0] Pipeline 'ingress': end
[11:35:44.369] [bmv2] [D] [thread 22070] [0.0] [cxt 0] Egress port is 0
[11:35:44.369] [bmv2] [D] [thread 22071] [0.0] [cxt 0] Pipeline 'egress': start
[11:35:44.369] [bmv2] [D] [thread 22071] [0.0] [cxt 0] Pipeline 'egress': end
[11:35:44.369] [bmv2] [D] [thread 22071] [0.0] [cxt 0] Deparser 'deparser': start
[11:35:44.369] [bmv2] [T] [thread 22071] [0.0] [cxt 0] Skipping checksum 'cksum' update because condition not met
[11:35:44.369] [bmv2] [D] [thread 22071] [0.0] [cxt 0] Deparsing header 'ethernet'
[11:35:44.369] [bmv2] [D] [thread 22071] [0.0] [cxt 0] Deparser 'deparser': end
[11:35:44.369] [bmv2] [D] [thread 22075] [0.0] [cxt 0] Transmitting packet of size 70 out of port 0
[11:35:46.041] [bmv2] [T] [thread 22167] bm_get_config
[11:35:46.042] [bmv2] [T] [thread 22167] bm_set_default_action
[11:35:46.042] [bmv2] [D] [thread 22167] Set default entry for table 'MyIngress.ipv4_exact': MyIngress.drop - 
[11:35:46.042] [bmv2] [T] [thread 22167] bm_table_add_entry
[11:35:46.042] [bmv2] [D] [thread 22167] Entry 0 added to table 'MyIngress.ipv4_exact'
[11:35:46.042] [bmv2] [D] [thread 22167] Dumping entry 0
Match key:
* hdr.ipv4.srcAddr    : EXACT     0a000101
* hdr.ipv4.dstAddr    : EXACT     0a000404
Action entry: MyIngress.ipv4_forward - a000404,1,

[11:35:46.043] [bmv2] [T] [thread 22167] bm_table_add_entry
[11:35:46.043] [bmv2] [D] [thread 22167] Entry 1 added to table 'MyIngress.ipv4_exact'
[11:35:46.043] [bmv2] [D] [thread 22167] Dumping entry 1
Match key:
* hdr.ipv4.srcAddr    : EXACT     0a000202
* hdr.ipv4.dstAddr    : EXACT     0a000404
Action entry: MyIngress.ipv4_forward - a000404,1,

[11:35:46.043] [bmv2] [T] [thread 22167] bm_table_add_entry
[11:35:46.043] [bmv2] [D] [thread 22167] Entry 2 added to table 'MyIngress.ipv4_exact'
[11:35:46.043] [bmv2] [D] [thread 22167] Dumping entry 2
Match key:
* hdr.ipv4.srcAddr    : EXACT     0a000303
* hdr.ipv4.dstAddr    : EXACT     0a000404
Action entry: MyIngress.ipv4_forward - a000404,1,

[11:35:46.043] [bmv2] [T] [thread 22167] bm_table_add_entry
[11:35:46.043] [bmv2] [D] [thread 22167] Entry 3 added to table 'MyIngress.ipv4_exact'
[11:35:46.043] [bmv2] [D] [thread 22167] Dumping entry 3
Match key:
* hdr.ipv4.srcAddr    : EXACT     0a000505
* hdr.ipv4.dstAddr    : EXACT     0a000404
Action entry: MyIngress.ipv4_forward - a000404,1,

[11:35:46.044] [bmv2] [T] [thread 22167] bm_table_add_entry
[11:35:46.044] [bmv2] [D] [thread 22167] Entry 4 added to table 'MyIngress.ipv4_exact'
[11:35:46.044] [bmv2] [D] [thread 22167] Dumping entry 4
Match key:
* hdr.ipv4.srcAddr    : EXACT     0a000404
* hdr.ipv4.dstAddr    : EXACT     0a000101
Action entry: MyIngress.ipv4_forward - a000303,2,

[11:35:46.044] [bmv2] [T] [thread 22167] bm_table_add_entry
[11:35:46.044] [bmv2] [D] [thread 22167] Entry 5 added to table 'MyIngress.ipv4_exact'
[11:35:46.044] [bmv2] [D] [thread 22167] Dumping entry 5
Match key:
* hdr.ipv4.srcAddr    : EXACT     0a000404
* hdr.ipv4.dstAddr    : EXACT     0a000202
Action entry: MyIngress.ipv4_forward - a000303,2,

[11:35:46.044] [bmv2] [T] [thread 22167] bm_table_add_entry
[11:35:46.044] [bmv2] [D] [thread 22167] Entry 6 added to table 'MyIngress.ipv4_exact'
[11:35:46.044] [bmv2] [D] [thread 22167] Dumping entry 6
Match key:
* hdr.ipv4.srcAddr    : EXACT     0a000404
* hdr.ipv4.dstAddr    : EXACT     0a000303
Action entry: MyIngress.ipv4_forward - a000303,2,

[11:35:46.045] [bmv2] [T] [thread 22167] bm_table_add_entry
[11:35:46.045] [bmv2] [D] [thread 22167] Entry 7 added to table 'MyIngress.ipv4_exact'
[11:35:46.045] [bmv2] [D] [thread 22167] Dumping entry 7
Match key:
* hdr.ipv4.srcAddr    : EXACT     0a000404
* hdr.ipv4.dstAddr    : EXACT     0a000505
Action entry: MyIngress.ipv4_forward - a000303,2,

open: No such file or directory
open: No such file or directory
open: No such file or directory
